<?xml version="1.0" encoding="UTF-8"?>
<!-- Generated by org.testng.reporters.JUnitReportReporter -->
<testsuite hostname="hng-VirtualBox" name="com.yahoo.ycsb.db.ElasticSearchClientTest" tests="5" failures="0" timestamp="17 Jun 2014 19:52:20 GMT" time="0.191" errors="0">
  <testcase name="testInsert" time="0.001" classname="com.yahoo.ycsb.db.ElasticSearchClientTest"/>
  <testcase name="testUpdate" time="0.004" classname="com.yahoo.ycsb.db.ElasticSearchClientTest"/>
  <testcase name="testScan" time="0.156" classname="com.yahoo.ycsb.db.ElasticSearchClientTest"/>
  <testcase name="testDelete" time="0.005" classname="com.yahoo.ycsb.db.ElasticSearchClientTest"/>
  <testcase name="testRead" time="0.025" classname="com.yahoo.ycsb.db.ElasticSearchClientTest"/>
</testsuite>
